<?xml version="1.0" encoding="UTF-8"?>
<!-- Generated by org.testng.reporters.JUnitReportReporter -->
<testsuite hostname="PC-954" failures="0" tests="1" name="com.kblive.testCases.TC_CreateEvent_003" time="61.232" errors="0" timestamp="2023-01-11T16:36:32 PKT" skipped="0">
  <testcase classname="com.kblive.testCases.TC_CreateEvent_003" name="createEvent" time="61.232"/>
  <system-out/>
</testsuite> <!-- com.kblive.testCases.TC_CreateEvent_003 -->
